No ROCm runtime is found, using ROCM_HOME='/opt/rocm-6.2.0-14024'
running develop
running egg_info
writing xformers.egg-info/PKG-INFO
writing dependency_links to xformers.egg-info/dependency_links.txt
writing requirements to xformers.egg-info/requires.txt
writing top-level names to xformers.egg-info/top_level.txt
reading manifest file 'xformers.egg-info/SOURCES.txt'
reading manifest template 'MANIFEST.in'
warning: no files found matching 'third_party/flash-attention/version.txt'
adding license file 'LICENSE'
writing manifest file 'xformers.egg-info/SOURCES.txt'
running build_ext
building 'xformers._C' extension
creating /root/extdir/gg/git/ontrack-issues/FBA/FBA-375-new-feat/xformer-rocm/build
creating /root/extdir/gg/git/ontrack-issues/FBA/FBA-375-new-feat/xformer-rocm/build/temp.linux-x86_64-3.9
creating /root/extdir/gg/git/ontrack-issues/FBA/FBA-375-new-feat/xformer-rocm/build/temp.linux-x86_64-3.9/xformers
creating /root/extdir/gg/git/ontrack-issues/FBA/FBA-375-new-feat/xformer-rocm/build/temp.linux-x86_64-3.9/xformers/csrc
creating /root/extdir/gg/git/ontrack-issues/FBA/FBA-375-new-feat/xformer-rocm/build/temp.linux-x86_64-3.9/xformers/csrc/attention
creating /root/extdir/gg/git/ontrack-issues/FBA/FBA-375-new-feat/xformer-rocm/build/temp.linux-x86_64-3.9/xformers/csrc/attention/autograd
creating /root/extdir/gg/git/ontrack-issues/FBA/FBA-375-new-feat/xformer-rocm/build/temp.linux-x86_64-3.9/xformers/csrc/attention/cpu
creating /root/extdir/gg/git/ontrack-issues/FBA/FBA-375-new-feat/xformer-rocm/build/temp.linux-x86_64-3.9/xformers/csrc/sequence_parallel_fused
creating /root/extdir/gg/git/ontrack-issues/FBA/FBA-375-new-feat/xformer-rocm/build/temp.linux-x86_64-3.9/xformers/csrc/sparse24
creating /root/extdir/gg/git/ontrack-issues/FBA/FBA-375-new-feat/xformer-rocm/build/temp.linux-x86_64-3.9/xformers/csrc/swiglu
Emitting ninja build file /root/extdir/gg/git/ontrack-issues/FBA/FBA-375-new-feat/xformer-rocm/build/temp.linux-x86_64-3.9/build.ninja...
Compiling objects...
Allowing ninja to set a default number of workers... (overridable by setting the environment variable MAX_JOBS=N)
[1/15] c++ -MMD -MF /root/extdir/gg/git/ontrack-issues/FBA/FBA-375-new-feat/xformer-rocm/build/temp.linux-x86_64-3.9/xformers/csrc/sequence_parallel_fused/memset_32b.o.d -Wno-unused-result -Wsign-compare -DDYNAMIC_ANNOTATIONS_ENABLED=1 -DNDEBUG -O2 -fexceptions -g -grecord-gcc-switches -pipe -Wall -Werror=format-security -Wp,-D_FORTIFY_SOURCE=2 -Wp,-D_GLIBCXX_ASSERTIONS -fstack-protector-strong -m64 -march=x86-64-v2 -mtune=generic -fasynchronous-unwind-tables -fstack-clash-protection -fcf-protection -D_GNU_SOURCE -fPIC -fwrapv -O2 -fexceptions -g -grecord-gcc-switches -pipe -Wall -Werror=format-security -Wp,-D_FORTIFY_SOURCE=2 -Wp,-D_GLIBCXX_ASSERTIONS -fstack-protector-strong -m64 -march=x86-64-v2 -mtune=generic -fasynchronous-unwind-tables -fstack-clash-protection -fcf-protection -D_GNU_SOURCE -fPIC -fwrapv -O2 -fexceptions -g -grecord-gcc-switches -pipe -Wall -Werror=format-security -Wp,-D_FORTIFY_SOURCE=2 -Wp,-D_GLIBCXX_ASSERTIONS -fstack-protector-strong -m64 -march=x86-64-v2 -mtune=generic -fasynchronous-unwind-tables -fstack-clash-protection -fcf-protection -D_GNU_SOURCE -fPIC -fwrapv -fPIC -I/root/extdir/gg/git/ontrack-issues/FBA/FBA-375-new-feat/xformer-rocm/xformers/csrc -I/usr/local/lib64/python3.9/site-packages/torch/include -I/usr/local/lib64/python3.9/site-packages/torch/include/torch/csrc/api/include -I/usr/local/lib64/python3.9/site-packages/torch/include/TH -I/usr/local/lib64/python3.9/site-packages/torch/include/THC -I/usr/include/python3.9 -c -c /root/extdir/gg/git/ontrack-issues/FBA/FBA-375-new-feat/xformer-rocm/xformers/csrc/sequence_parallel_fused/memset_32b.cpp -o /root/extdir/gg/git/ontrack-issues/FBA/FBA-375-new-feat/xformer-rocm/build/temp.linux-x86_64-3.9/xformers/csrc/sequence_parallel_fused/memset_32b.o -O3 -std=c++17 -fopenmp -DTORCH_API_INCLUDE_EXTENSION_H '-DPYBIND11_COMPILER_TYPE="_gcc"' '-DPYBIND11_STDLIB="_libstdcpp"' '-DPYBIND11_BUILD_ABI="_cxxabi1011"' -DTORCH_EXTENSION_NAME=_C -D_GLIBCXX_USE_CXX11_ABI=0
[2/15] c++ -MMD -MF /root/extdir/gg/git/ontrack-issues/FBA/FBA-375-new-feat/xformer-rocm/build/temp.linux-x86_64-3.9/xformers/csrc/attention/sddmm.o.d -Wno-unused-result -Wsign-compare -DDYNAMIC_ANNOTATIONS_ENABLED=1 -DNDEBUG -O2 -fexceptions -g -grecord-gcc-switches -pipe -Wall -Werror=format-security -Wp,-D_FORTIFY_SOURCE=2 -Wp,-D_GLIBCXX_ASSERTIONS -fstack-protector-strong -m64 -march=x86-64-v2 -mtune=generic -fasynchronous-unwind-tables -fstack-clash-protection -fcf-protection -D_GNU_SOURCE -fPIC -fwrapv -O2 -fexceptions -g -grecord-gcc-switches -pipe -Wall -Werror=format-security -Wp,-D_FORTIFY_SOURCE=2 -Wp,-D_GLIBCXX_ASSERTIONS -fstack-protector-strong -m64 -march=x86-64-v2 -mtune=generic -fasynchronous-unwind-tables -fstack-clash-protection -fcf-protection -D_GNU_SOURCE -fPIC -fwrapv -O2 -fexceptions -g -grecord-gcc-switches -pipe -Wall -Werror=format-security -Wp,-D_FORTIFY_SOURCE=2 -Wp,-D_GLIBCXX_ASSERTIONS -fstack-protector-strong -m64 -march=x86-64-v2 -mtune=generic -fasynchronous-unwind-tables -fstack-clash-protection -fcf-protection -D_GNU_SOURCE -fPIC -fwrapv -fPIC -I/root/extdir/gg/git/ontrack-issues/FBA/FBA-375-new-feat/xformer-rocm/xformers/csrc -I/usr/local/lib64/python3.9/site-packages/torch/include -I/usr/local/lib64/python3.9/site-packages/torch/include/torch/csrc/api/include -I/usr/local/lib64/python3.9/site-packages/torch/include/TH -I/usr/local/lib64/python3.9/site-packages/torch/include/THC -I/usr/include/python3.9 -c -c /root/extdir/gg/git/ontrack-issues/FBA/FBA-375-new-feat/xformer-rocm/xformers/csrc/attention/sddmm.cpp -o /root/extdir/gg/git/ontrack-issues/FBA/FBA-375-new-feat/xformer-rocm/build/temp.linux-x86_64-3.9/xformers/csrc/attention/sddmm.o -O3 -std=c++17 -fopenmp -DTORCH_API_INCLUDE_EXTENSION_H '-DPYBIND11_COMPILER_TYPE="_gcc"' '-DPYBIND11_STDLIB="_libstdcpp"' '-DPYBIND11_BUILD_ABI="_cxxabi1011"' -DTORCH_EXTENSION_NAME=_C -D_GLIBCXX_USE_CXX11_ABI=0
[3/15] c++ -MMD -MF /root/extdir/gg/git/ontrack-issues/FBA/FBA-375-new-feat/xformer-rocm/build/temp.linux-x86_64-3.9/xformers/csrc/attention/spmm.o.d -Wno-unused-result -Wsign-compare -DDYNAMIC_ANNOTATIONS_ENABLED=1 -DNDEBUG -O2 -fexceptions -g -grecord-gcc-switches -pipe -Wall -Werror=format-security -Wp,-D_FORTIFY_SOURCE=2 -Wp,-D_GLIBCXX_ASSERTIONS -fstack-protector-strong -m64 -march=x86-64-v2 -mtune=generic -fasynchronous-unwind-tables -fstack-clash-protection -fcf-protection -D_GNU_SOURCE -fPIC -fwrapv -O2 -fexceptions -g -grecord-gcc-switches -pipe -Wall -Werror=format-security -Wp,-D_FORTIFY_SOURCE=2 -Wp,-D_GLIBCXX_ASSERTIONS -fstack-protector-strong -m64 -march=x86-64-v2 -mtune=generic -fasynchronous-unwind-tables -fstack-clash-protection -fcf-protection -D_GNU_SOURCE -fPIC -fwrapv -O2 -fexceptions -g -grecord-gcc-switches -pipe -Wall -Werror=format-security -Wp,-D_FORTIFY_SOURCE=2 -Wp,-D_GLIBCXX_ASSERTIONS -fstack-protector-strong -m64 -march=x86-64-v2 -mtune=generic -fasynchronous-unwind-tables -fstack-clash-protection -fcf-protection -D_GNU_SOURCE -fPIC -fwrapv -fPIC -I/root/extdir/gg/git/ontrack-issues/FBA/FBA-375-new-feat/xformer-rocm/xformers/csrc -I/usr/local/lib64/python3.9/site-packages/torch/include -I/usr/local/lib64/python3.9/site-packages/torch/include/torch/csrc/api/include -I/usr/local/lib64/python3.9/site-packages/torch/include/TH -I/usr/local/lib64/python3.9/site-packages/torch/include/THC -I/usr/include/python3.9 -c -c /root/extdir/gg/git/ontrack-issues/FBA/FBA-375-new-feat/xformer-rocm/xformers/csrc/attention/spmm.cpp -o /root/extdir/gg/git/ontrack-issues/FBA/FBA-375-new-feat/xformer-rocm/build/temp.linux-x86_64-3.9/xformers/csrc/attention/spmm.o -O3 -std=c++17 -fopenmp -DTORCH_API_INCLUDE_EXTENSION_H '-DPYBIND11_COMPILER_TYPE="_gcc"' '-DPYBIND11_STDLIB="_libstdcpp"' '-DPYBIND11_BUILD_ABI="_cxxabi1011"' -DTORCH_EXTENSION_NAME=_C -D_GLIBCXX_USE_CXX11_ABI=0
[4/15] c++ -MMD -MF /root/extdir/gg/git/ontrack-issues/FBA/FBA-375-new-feat/xformer-rocm/build/temp.linux-x86_64-3.9/xformers/csrc/sequence_parallel_fused/synchronization.o.d -Wno-unused-result -Wsign-compare -DDYNAMIC_ANNOTATIONS_ENABLED=1 -DNDEBUG -O2 -fexceptions -g -grecord-gcc-switches -pipe -Wall -Werror=format-security -Wp,-D_FORTIFY_SOURCE=2 -Wp,-D_GLIBCXX_ASSERTIONS -fstack-protector-strong -m64 -march=x86-64-v2 -mtune=generic -fasynchronous-unwind-tables -fstack-clash-protection -fcf-protection -D_GNU_SOURCE -fPIC -fwrapv -O2 -fexceptions -g -grecord-gcc-switches -pipe -Wall -Werror=format-security -Wp,-D_FORTIFY_SOURCE=2 -Wp,-D_GLIBCXX_ASSERTIONS -fstack-protector-strong -m64 -march=x86-64-v2 -mtune=generic -fasynchronous-unwind-tables -fstack-clash-protection -fcf-protection -D_GNU_SOURCE -fPIC -fwrapv -O2 -fexceptions -g -grecord-gcc-switches -pipe -Wall -Werror=format-security -Wp,-D_FORTIFY_SOURCE=2 -Wp,-D_GLIBCXX_ASSERTIONS -fstack-protector-strong -m64 -march=x86-64-v2 -mtune=generic -fasynchronous-unwind-tables -fstack-clash-protection -fcf-protection -D_GNU_SOURCE -fPIC -fwrapv -fPIC -I/root/extdir/gg/git/ontrack-issues/FBA/FBA-375-new-feat/xformer-rocm/xformers/csrc -I/usr/local/lib64/python3.9/site-packages/torch/include -I/usr/local/lib64/python3.9/site-packages/torch/include/torch/csrc/api/include -I/usr/local/lib64/python3.9/site-packages/torch/include/TH -I/usr/local/lib64/python3.9/site-packages/torch/include/THC -I/usr/include/python3.9 -c -c /root/extdir/gg/git/ontrack-issues/FBA/FBA-375-new-feat/xformer-rocm/xformers/csrc/sequence_parallel_fused/synchronization.cpp -o /root/extdir/gg/git/ontrack-issues/FBA/FBA-375-new-feat/xformer-rocm/build/temp.linux-x86_64-3.9/xformers/csrc/sequence_parallel_fused/synchronization.o -O3 -std=c++17 -fopenmp -DTORCH_API_INCLUDE_EXTENSION_H '-DPYBIND11_COMPILER_TYPE="_gcc"' '-DPYBIND11_STDLIB="_libstdcpp"' '-DPYBIND11_BUILD_ABI="_cxxabi1011"' -DTORCH_EXTENSION_NAME=_C -D_GLIBCXX_USE_CXX11_ABI=0
[5/15] c++ -MMD -MF /root/extdir/gg/git/ontrack-issues/FBA/FBA-375-new-feat/xformer-rocm/build/temp.linux-x86_64-3.9/xformers/csrc/attention/sparse_softmax.o.d -Wno-unused-result -Wsign-compare -DDYNAMIC_ANNOTATIONS_ENABLED=1 -DNDEBUG -O2 -fexceptions -g -grecord-gcc-switches -pipe -Wall -Werror=format-security -Wp,-D_FORTIFY_SOURCE=2 -Wp,-D_GLIBCXX_ASSERTIONS -fstack-protector-strong -m64 -march=x86-64-v2 -mtune=generic -fasynchronous-unwind-tables -fstack-clash-protection -fcf-protection -D_GNU_SOURCE -fPIC -fwrapv -O2 -fexceptions -g -grecord-gcc-switches -pipe -Wall -Werror=format-security -Wp,-D_FORTIFY_SOURCE=2 -Wp,-D_GLIBCXX_ASSERTIONS -fstack-protector-strong -m64 -march=x86-64-v2 -mtune=generic -fasynchronous-unwind-tables -fstack-clash-protection -fcf-protection -D_GNU_SOURCE -fPIC -fwrapv -O2 -fexceptions -g -grecord-gcc-switches -pipe -Wall -Werror=format-security -Wp,-D_FORTIFY_SOURCE=2 -Wp,-D_GLIBCXX_ASSERTIONS -fstack-protector-strong -m64 -march=x86-64-v2 -mtune=generic -fasynchronous-unwind-tables -fstack-clash-protection -fcf-protection -D_GNU_SOURCE -fPIC -fwrapv -fPIC -I/root/extdir/gg/git/ontrack-issues/FBA/FBA-375-new-feat/xformer-rocm/xformers/csrc -I/usr/local/lib64/python3.9/site-packages/torch/include -I/usr/local/lib64/python3.9/site-packages/torch/include/torch/csrc/api/include -I/usr/local/lib64/python3.9/site-packages/torch/include/TH -I/usr/local/lib64/python3.9/site-packages/torch/include/THC -I/usr/include/python3.9 -c -c /root/extdir/gg/git/ontrack-issues/FBA/FBA-375-new-feat/xformer-rocm/xformers/csrc/attention/sparse_softmax.cpp -o /root/extdir/gg/git/ontrack-issues/FBA/FBA-375-new-feat/xformer-rocm/build/temp.linux-x86_64-3.9/xformers/csrc/attention/sparse_softmax.o -O3 -std=c++17 -fopenmp -DTORCH_API_INCLUDE_EXTENSION_H '-DPYBIND11_COMPILER_TYPE="_gcc"' '-DPYBIND11_STDLIB="_libstdcpp"' '-DPYBIND11_BUILD_ABI="_cxxabi1011"' -DTORCH_EXTENSION_NAME=_C -D_GLIBCXX_USE_CXX11_ABI=0
[6/15] c++ -MMD -MF /root/extdir/gg/git/ontrack-issues/FBA/FBA-375-new-feat/xformer-rocm/build/temp.linux-x86_64-3.9/xformers/csrc/attention/attention.o.d -Wno-unused-result -Wsign-compare -DDYNAMIC_ANNOTATIONS_ENABLED=1 -DNDEBUG -O2 -fexceptions -g -grecord-gcc-switches -pipe -Wall -Werror=format-security -Wp,-D_FORTIFY_SOURCE=2 -Wp,-D_GLIBCXX_ASSERTIONS -fstack-protector-strong -m64 -march=x86-64-v2 -mtune=generic -fasynchronous-unwind-tables -fstack-clash-protection -fcf-protection -D_GNU_SOURCE -fPIC -fwrapv -O2 -fexceptions -g -grecord-gcc-switches -pipe -Wall -Werror=format-security -Wp,-D_FORTIFY_SOURCE=2 -Wp,-D_GLIBCXX_ASSERTIONS -fstack-protector-strong -m64 -march=x86-64-v2 -mtune=generic -fasynchronous-unwind-tables -fstack-clash-protection -fcf-protection -D_GNU_SOURCE -fPIC -fwrapv -O2 -fexceptions -g -grecord-gcc-switches -pipe -Wall -Werror=format-security -Wp,-D_FORTIFY_SOURCE=2 -Wp,-D_GLIBCXX_ASSERTIONS -fstack-protector-strong -m64 -march=x86-64-v2 -mtune=generic -fasynchronous-unwind-tables -fstack-clash-protection -fcf-protection -D_GNU_SOURCE -fPIC -fwrapv -fPIC -I/root/extdir/gg/git/ontrack-issues/FBA/FBA-375-new-feat/xformer-rocm/xformers/csrc -I/usr/local/lib64/python3.9/site-packages/torch/include -I/usr/local/lib64/python3.9/site-packages/torch/include/torch/csrc/api/include -I/usr/local/lib64/python3.9/site-packages/torch/include/TH -I/usr/local/lib64/python3.9/site-packages/torch/include/THC -I/usr/include/python3.9 -c -c /root/extdir/gg/git/ontrack-issues/FBA/FBA-375-new-feat/xformer-rocm/xformers/csrc/attention/attention.cpp -o /root/extdir/gg/git/ontrack-issues/FBA/FBA-375-new-feat/xformer-rocm/build/temp.linux-x86_64-3.9/xformers/csrc/attention/attention.o -O3 -std=c++17 -fopenmp -DTORCH_API_INCLUDE_EXTENSION_H '-DPYBIND11_COMPILER_TYPE="_gcc"' '-DPYBIND11_STDLIB="_libstdcpp"' '-DPYBIND11_BUILD_ABI="_cxxabi1011"' -DTORCH_EXTENSION_NAME=_C -D_GLIBCXX_USE_CXX11_ABI=0
[7/15] c++ -MMD -MF /root/extdir/gg/git/ontrack-issues/FBA/FBA-375-new-feat/xformer-rocm/build/temp.linux-x86_64-3.9/xformers/csrc/attention/cpu/sddmm.o.d -Wno-unused-result -Wsign-compare -DDYNAMIC_ANNOTATIONS_ENABLED=1 -DNDEBUG -O2 -fexceptions -g -grecord-gcc-switches -pipe -Wall -Werror=format-security -Wp,-D_FORTIFY_SOURCE=2 -Wp,-D_GLIBCXX_ASSERTIONS -fstack-protector-strong -m64 -march=x86-64-v2 -mtune=generic -fasynchronous-unwind-tables -fstack-clash-protection -fcf-protection -D_GNU_SOURCE -fPIC -fwrapv -O2 -fexceptions -g -grecord-gcc-switches -pipe -Wall -Werror=format-security -Wp,-D_FORTIFY_SOURCE=2 -Wp,-D_GLIBCXX_ASSERTIONS -fstack-protector-strong -m64 -march=x86-64-v2 -mtune=generic -fasynchronous-unwind-tables -fstack-clash-protection -fcf-protection -D_GNU_SOURCE -fPIC -fwrapv -O2 -fexceptions -g -grecord-gcc-switches -pipe -Wall -Werror=format-security -Wp,-D_FORTIFY_SOURCE=2 -Wp,-D_GLIBCXX_ASSERTIONS -fstack-protector-strong -m64 -march=x86-64-v2 -mtune=generic -fasynchronous-unwind-tables -fstack-clash-protection -fcf-protection -D_GNU_SOURCE -fPIC -fwrapv -fPIC -I/root/extdir/gg/git/ontrack-issues/FBA/FBA-375-new-feat/xformer-rocm/xformers/csrc -I/usr/local/lib64/python3.9/site-packages/torch/include -I/usr/local/lib64/python3.9/site-packages/torch/include/torch/csrc/api/include -I/usr/local/lib64/python3.9/site-packages/torch/include/TH -I/usr/local/lib64/python3.9/site-packages/torch/include/THC -I/usr/include/python3.9 -c -c /root/extdir/gg/git/ontrack-issues/FBA/FBA-375-new-feat/xformer-rocm/xformers/csrc/attention/cpu/sddmm.cpp -o /root/extdir/gg/git/ontrack-issues/FBA/FBA-375-new-feat/xformer-rocm/build/temp.linux-x86_64-3.9/xformers/csrc/attention/cpu/sddmm.o -O3 -std=c++17 -fopenmp -DTORCH_API_INCLUDE_EXTENSION_H '-DPYBIND11_COMPILER_TYPE="_gcc"' '-DPYBIND11_STDLIB="_libstdcpp"' '-DPYBIND11_BUILD_ABI="_cxxabi1011"' -DTORCH_EXTENSION_NAME=_C -D_GLIBCXX_USE_CXX11_ABI=0
[8/15] c++ -MMD -MF /root/extdir/gg/git/ontrack-issues/FBA/FBA-375-new-feat/xformer-rocm/build/temp.linux-x86_64-3.9/xformers/csrc/sparse24/sparse24.o.d -Wno-unused-result -Wsign-compare -DDYNAMIC_ANNOTATIONS_ENABLED=1 -DNDEBUG -O2 -fexceptions -g -grecord-gcc-switches -pipe -Wall -Werror=format-security -Wp,-D_FORTIFY_SOURCE=2 -Wp,-D_GLIBCXX_ASSERTIONS -fstack-protector-strong -m64 -march=x86-64-v2 -mtune=generic -fasynchronous-unwind-tables -fstack-clash-protection -fcf-protection -D_GNU_SOURCE -fPIC -fwrapv -O2 -fexceptions -g -grecord-gcc-switches -pipe -Wall -Werror=format-security -Wp,-D_FORTIFY_SOURCE=2 -Wp,-D_GLIBCXX_ASSERTIONS -fstack-protector-strong -m64 -march=x86-64-v2 -mtune=generic -fasynchronous-unwind-tables -fstack-clash-protection -fcf-protection -D_GNU_SOURCE -fPIC -fwrapv -O2 -fexceptions -g -grecord-gcc-switches -pipe -Wall -Werror=format-security -Wp,-D_FORTIFY_SOURCE=2 -Wp,-D_GLIBCXX_ASSERTIONS -fstack-protector-strong -m64 -march=x86-64-v2 -mtune=generic -fasynchronous-unwind-tables -fstack-clash-protection -fcf-protection -D_GNU_SOURCE -fPIC -fwrapv -fPIC -I/root/extdir/gg/git/ontrack-issues/FBA/FBA-375-new-feat/xformer-rocm/xformers/csrc -I/usr/local/lib64/python3.9/site-packages/torch/include -I/usr/local/lib64/python3.9/site-packages/torch/include/torch/csrc/api/include -I/usr/local/lib64/python3.9/site-packages/torch/include/TH -I/usr/local/lib64/python3.9/site-packages/torch/include/THC -I/usr/include/python3.9 -c -c /root/extdir/gg/git/ontrack-issues/FBA/FBA-375-new-feat/xformer-rocm/xformers/csrc/sparse24/sparse24.cpp -o /root/extdir/gg/git/ontrack-issues/FBA/FBA-375-new-feat/xformer-rocm/build/temp.linux-x86_64-3.9/xformers/csrc/sparse24/sparse24.o -O3 -std=c++17 -fopenmp -DTORCH_API_INCLUDE_EXTENSION_H '-DPYBIND11_COMPILER_TYPE="_gcc"' '-DPYBIND11_STDLIB="_libstdcpp"' '-DPYBIND11_BUILD_ABI="_cxxabi1011"' -DTORCH_EXTENSION_NAME=_C -D_GLIBCXX_USE_CXX11_ABI=0
[9/15] c++ -MMD -MF /root/extdir/gg/git/ontrack-issues/FBA/FBA-375-new-feat/xformer-rocm/build/temp.linux-x86_64-3.9/xformers/csrc/attention/cpu/spmm.o.d -Wno-unused-result -Wsign-compare -DDYNAMIC_ANNOTATIONS_ENABLED=1 -DNDEBUG -O2 -fexceptions -g -grecord-gcc-switches -pipe -Wall -Werror=format-security -Wp,-D_FORTIFY_SOURCE=2 -Wp,-D_GLIBCXX_ASSERTIONS -fstack-protector-strong -m64 -march=x86-64-v2 -mtune=generic -fasynchronous-unwind-tables -fstack-clash-protection -fcf-protection -D_GNU_SOURCE -fPIC -fwrapv -O2 -fexceptions -g -grecord-gcc-switches -pipe -Wall -Werror=format-security -Wp,-D_FORTIFY_SOURCE=2 -Wp,-D_GLIBCXX_ASSERTIONS -fstack-protector-strong -m64 -march=x86-64-v2 -mtune=generic -fasynchronous-unwind-tables -fstack-clash-protection -fcf-protection -D_GNU_SOURCE -fPIC -fwrapv -O2 -fexceptions -g -grecord-gcc-switches -pipe -Wall -Werror=format-security -Wp,-D_FORTIFY_SOURCE=2 -Wp,-D_GLIBCXX_ASSERTIONS -fstack-protector-strong -m64 -march=x86-64-v2 -mtune=generic -fasynchronous-unwind-tables -fstack-clash-protection -fcf-protection -D_GNU_SOURCE -fPIC -fwrapv -fPIC -I/root/extdir/gg/git/ontrack-issues/FBA/FBA-375-new-feat/xformer-rocm/xformers/csrc -I/usr/local/lib64/python3.9/site-packages/torch/include -I/usr/local/lib64/python3.9/site-packages/torch/include/torch/csrc/api/include -I/usr/local/lib64/python3.9/site-packages/torch/include/TH -I/usr/local/lib64/python3.9/site-packages/torch/include/THC -I/usr/include/python3.9 -c -c /root/extdir/gg/git/ontrack-issues/FBA/FBA-375-new-feat/xformer-rocm/xformers/csrc/attention/cpu/spmm.cpp -o /root/extdir/gg/git/ontrack-issues/FBA/FBA-375-new-feat/xformer-rocm/build/temp.linux-x86_64-3.9/xformers/csrc/attention/cpu/spmm.o -O3 -std=c++17 -fopenmp -DTORCH_API_INCLUDE_EXTENSION_H '-DPYBIND11_COMPILER_TYPE="_gcc"' '-DPYBIND11_STDLIB="_libstdcpp"' '-DPYBIND11_BUILD_ABI="_cxxabi1011"' -DTORCH_EXTENSION_NAME=_C -D_GLIBCXX_USE_CXX11_ABI=0
[10/15] c++ -MMD -MF /root/extdir/gg/git/ontrack-issues/FBA/FBA-375-new-feat/xformer-rocm/build/temp.linux-x86_64-3.9/xformers/csrc/attention/matmul.o.d -Wno-unused-result -Wsign-compare -DDYNAMIC_ANNOTATIONS_ENABLED=1 -DNDEBUG -O2 -fexceptions -g -grecord-gcc-switches -pipe -Wall -Werror=format-security -Wp,-D_FORTIFY_SOURCE=2 -Wp,-D_GLIBCXX_ASSERTIONS -fstack-protector-strong -m64 -march=x86-64-v2 -mtune=generic -fasynchronous-unwind-tables -fstack-clash-protection -fcf-protection -D_GNU_SOURCE -fPIC -fwrapv -O2 -fexceptions -g -grecord-gcc-switches -pipe -Wall -Werror=format-security -Wp,-D_FORTIFY_SOURCE=2 -Wp,-D_GLIBCXX_ASSERTIONS -fstack-protector-strong -m64 -march=x86-64-v2 -mtune=generic -fasynchronous-unwind-tables -fstack-clash-protection -fcf-protection -D_GNU_SOURCE -fPIC -fwrapv -O2 -fexceptions -g -grecord-gcc-switches -pipe -Wall -Werror=format-security -Wp,-D_FORTIFY_SOURCE=2 -Wp,-D_GLIBCXX_ASSERTIONS -fstack-protector-strong -m64 -march=x86-64-v2 -mtune=generic -fasynchronous-unwind-tables -fstack-clash-protection -fcf-protection -D_GNU_SOURCE -fPIC -fwrapv -fPIC -I/root/extdir/gg/git/ontrack-issues/FBA/FBA-375-new-feat/xformer-rocm/xformers/csrc -I/usr/local/lib64/python3.9/site-packages/torch/include -I/usr/local/lib64/python3.9/site-packages/torch/include/torch/csrc/api/include -I/usr/local/lib64/python3.9/site-packages/torch/include/TH -I/usr/local/lib64/python3.9/site-packages/torch/include/THC -I/usr/include/python3.9 -c -c /root/extdir/gg/git/ontrack-issues/FBA/FBA-375-new-feat/xformer-rocm/xformers/csrc/attention/matmul.cpp -o /root/extdir/gg/git/ontrack-issues/FBA/FBA-375-new-feat/xformer-rocm/build/temp.linux-x86_64-3.9/xformers/csrc/attention/matmul.o -O3 -std=c++17 -fopenmp -DTORCH_API_INCLUDE_EXTENSION_H '-DPYBIND11_COMPILER_TYPE="_gcc"' '-DPYBIND11_STDLIB="_libstdcpp"' '-DPYBIND11_BUILD_ABI="_cxxabi1011"' -DTORCH_EXTENSION_NAME=_C -D_GLIBCXX_USE_CXX11_ABI=0
[11/15] c++ -MMD -MF /root/extdir/gg/git/ontrack-issues/FBA/FBA-375-new-feat/xformer-rocm/build/temp.linux-x86_64-3.9/xformers/csrc/attention/cpu/matmul.o.d -Wno-unused-result -Wsign-compare -DDYNAMIC_ANNOTATIONS_ENABLED=1 -DNDEBUG -O2 -fexceptions -g -grecord-gcc-switches -pipe -Wall -Werror=format-security -Wp,-D_FORTIFY_SOURCE=2 -Wp,-D_GLIBCXX_ASSERTIONS -fstack-protector-strong -m64 -march=x86-64-v2 -mtune=generic -fasynchronous-unwind-tables -fstack-clash-protection -fcf-protection -D_GNU_SOURCE -fPIC -fwrapv -O2 -fexceptions -g -grecord-gcc-switches -pipe -Wall -Werror=format-security -Wp,-D_FORTIFY_SOURCE=2 -Wp,-D_GLIBCXX_ASSERTIONS -fstack-protector-strong -m64 -march=x86-64-v2 -mtune=generic -fasynchronous-unwind-tables -fstack-clash-protection -fcf-protection -D_GNU_SOURCE -fPIC -fwrapv -O2 -fexceptions -g -grecord-gcc-switches -pipe -Wall -Werror=format-security -Wp,-D_FORTIFY_SOURCE=2 -Wp,-D_GLIBCXX_ASSERTIONS -fstack-protector-strong -m64 -march=x86-64-v2 -mtune=generic -fasynchronous-unwind-tables -fstack-clash-protection -fcf-protection -D_GNU_SOURCE -fPIC -fwrapv -fPIC -I/root/extdir/gg/git/ontrack-issues/FBA/FBA-375-new-feat/xformer-rocm/xformers/csrc -I/usr/local/lib64/python3.9/site-packages/torch/include -I/usr/local/lib64/python3.9/site-packages/torch/include/torch/csrc/api/include -I/usr/local/lib64/python3.9/site-packages/torch/include/TH -I/usr/local/lib64/python3.9/site-packages/torch/include/THC -I/usr/include/python3.9 -c -c /root/extdir/gg/git/ontrack-issues/FBA/FBA-375-new-feat/xformer-rocm/xformers/csrc/attention/cpu/matmul.cpp -o /root/extdir/gg/git/ontrack-issues/FBA/FBA-375-new-feat/xformer-rocm/build/temp.linux-x86_64-3.9/xformers/csrc/attention/cpu/matmul.o -O3 -std=c++17 -fopenmp -DTORCH_API_INCLUDE_EXTENSION_H '-DPYBIND11_COMPILER_TYPE="_gcc"' '-DPYBIND11_STDLIB="_libstdcpp"' '-DPYBIND11_BUILD_ABI="_cxxabi1011"' -DTORCH_EXTENSION_NAME=_C -D_GLIBCXX_USE_CXX11_ABI=0
[12/15] c++ -MMD -MF /root/extdir/gg/git/ontrack-issues/FBA/FBA-375-new-feat/xformer-rocm/build/temp.linux-x86_64-3.9/xformers/csrc/attention/cpu/sparse_softmax.o.d -Wno-unused-result -Wsign-compare -DDYNAMIC_ANNOTATIONS_ENABLED=1 -DNDEBUG -O2 -fexceptions -g -grecord-gcc-switches -pipe -Wall -Werror=format-security -Wp,-D_FORTIFY_SOURCE=2 -Wp,-D_GLIBCXX_ASSERTIONS -fstack-protector-strong -m64 -march=x86-64-v2 -mtune=generic -fasynchronous-unwind-tables -fstack-clash-protection -fcf-protection -D_GNU_SOURCE -fPIC -fwrapv -O2 -fexceptions -g -grecord-gcc-switches -pipe -Wall -Werror=format-security -Wp,-D_FORTIFY_SOURCE=2 -Wp,-D_GLIBCXX_ASSERTIONS -fstack-protector-strong -m64 -march=x86-64-v2 -mtune=generic -fasynchronous-unwind-tables -fstack-clash-protection -fcf-protection -D_GNU_SOURCE -fPIC -fwrapv -O2 -fexceptions -g -grecord-gcc-switches -pipe -Wall -Werror=format-security -Wp,-D_FORTIFY_SOURCE=2 -Wp,-D_GLIBCXX_ASSERTIONS -fstack-protector-strong -m64 -march=x86-64-v2 -mtune=generic -fasynchronous-unwind-tables -fstack-clash-protection -fcf-protection -D_GNU_SOURCE -fPIC -fwrapv -fPIC -I/root/extdir/gg/git/ontrack-issues/FBA/FBA-375-new-feat/xformer-rocm/xformers/csrc -I/usr/local/lib64/python3.9/site-packages/torch/include -I/usr/local/lib64/python3.9/site-packages/torch/include/torch/csrc/api/include -I/usr/local/lib64/python3.9/site-packages/torch/include/TH -I/usr/local/lib64/python3.9/site-packages/torch/include/THC -I/usr/include/python3.9 -c -c /root/extdir/gg/git/ontrack-issues/FBA/FBA-375-new-feat/xformer-rocm/xformers/csrc/attention/cpu/sparse_softmax.cpp -o /root/extdir/gg/git/ontrack-issues/FBA/FBA-375-new-feat/xformer-rocm/build/temp.linux-x86_64-3.9/xformers/csrc/attention/cpu/sparse_softmax.o -O3 -std=c++17 -fopenmp -DTORCH_API_INCLUDE_EXTENSION_H '-DPYBIND11_COMPILER_TYPE="_gcc"' '-DPYBIND11_STDLIB="_libstdcpp"' '-DPYBIND11_BUILD_ABI="_cxxabi1011"' -DTORCH_EXTENSION_NAME=_C -D_GLIBCXX_USE_CXX11_ABI=0
[13/15] c++ -MMD -MF /root/extdir/gg/git/ontrack-issues/FBA/FBA-375-new-feat/xformer-rocm/build/temp.linux-x86_64-3.9/xformers/csrc/swiglu/swiglu_op.o.d -Wno-unused-result -Wsign-compare -DDYNAMIC_ANNOTATIONS_ENABLED=1 -DNDEBUG -O2 -fexceptions -g -grecord-gcc-switches -pipe -Wall -Werror=format-security -Wp,-D_FORTIFY_SOURCE=2 -Wp,-D_GLIBCXX_ASSERTIONS -fstack-protector-strong -m64 -march=x86-64-v2 -mtune=generic -fasynchronous-unwind-tables -fstack-clash-protection -fcf-protection -D_GNU_SOURCE -fPIC -fwrapv -O2 -fexceptions -g -grecord-gcc-switches -pipe -Wall -Werror=format-security -Wp,-D_FORTIFY_SOURCE=2 -Wp,-D_GLIBCXX_ASSERTIONS -fstack-protector-strong -m64 -march=x86-64-v2 -mtune=generic -fasynchronous-unwind-tables -fstack-clash-protection -fcf-protection -D_GNU_SOURCE -fPIC -fwrapv -O2 -fexceptions -g -grecord-gcc-switches -pipe -Wall -Werror=format-security -Wp,-D_FORTIFY_SOURCE=2 -Wp,-D_GLIBCXX_ASSERTIONS -fstack-protector-strong -m64 -march=x86-64-v2 -mtune=generic -fasynchronous-unwind-tables -fstack-clash-protection -fcf-protection -D_GNU_SOURCE -fPIC -fwrapv -fPIC -I/root/extdir/gg/git/ontrack-issues/FBA/FBA-375-new-feat/xformer-rocm/xformers/csrc -I/usr/local/lib64/python3.9/site-packages/torch/include -I/usr/local/lib64/python3.9/site-packages/torch/include/torch/csrc/api/include -I/usr/local/lib64/python3.9/site-packages/torch/include/TH -I/usr/local/lib64/python3.9/site-packages/torch/include/THC -I/usr/include/python3.9 -c -c /root/extdir/gg/git/ontrack-issues/FBA/FBA-375-new-feat/xformer-rocm/xformers/csrc/swiglu/swiglu_op.cpp -o /root/extdir/gg/git/ontrack-issues/FBA/FBA-375-new-feat/xformer-rocm/build/temp.linux-x86_64-3.9/xformers/csrc/swiglu/swiglu_op.o -O3 -std=c++17 -fopenmp -DTORCH_API_INCLUDE_EXTENSION_H '-DPYBIND11_COMPILER_TYPE="_gcc"' '-DPYBIND11_STDLIB="_libstdcpp"' '-DPYBIND11_BUILD_ABI="_cxxabi1011"' -DTORCH_EXTENSION_NAME=_C -D_GLIBCXX_USE_CXX11_ABI=0
[14/15] c++ -MMD -MF /root/extdir/gg/git/ontrack-issues/FBA/FBA-375-new-feat/xformer-rocm/build/temp.linux-x86_64-3.9/xformers/csrc/attention/autograd/matmul.o.d -Wno-unused-result -Wsign-compare -DDYNAMIC_ANNOTATIONS_ENABLED=1 -DNDEBUG -O2 -fexceptions -g -grecord-gcc-switches -pipe -Wall -Werror=format-security -Wp,-D_FORTIFY_SOURCE=2 -Wp,-D_GLIBCXX_ASSERTIONS -fstack-protector-strong -m64 -march=x86-64-v2 -mtune=generic -fasynchronous-unwind-tables -fstack-clash-protection -fcf-protection -D_GNU_SOURCE -fPIC -fwrapv -O2 -fexceptions -g -grecord-gcc-switches -pipe -Wall -Werror=format-security -Wp,-D_FORTIFY_SOURCE=2 -Wp,-D_GLIBCXX_ASSERTIONS -fstack-protector-strong -m64 -march=x86-64-v2 -mtune=generic -fasynchronous-unwind-tables -fstack-clash-protection -fcf-protection -D_GNU_SOURCE -fPIC -fwrapv -O2 -fexceptions -g -grecord-gcc-switches -pipe -Wall -Werror=format-security -Wp,-D_FORTIFY_SOURCE=2 -Wp,-D_GLIBCXX_ASSERTIONS -fstack-protector-strong -m64 -march=x86-64-v2 -mtune=generic -fasynchronous-unwind-tables -fstack-clash-protection -fcf-protection -D_GNU_SOURCE -fPIC -fwrapv -fPIC -I/root/extdir/gg/git/ontrack-issues/FBA/FBA-375-new-feat/xformer-rocm/xformers/csrc -I/usr/local/lib64/python3.9/site-packages/torch/include -I/usr/local/lib64/python3.9/site-packages/torch/include/torch/csrc/api/include -I/usr/local/lib64/python3.9/site-packages/torch/include/TH -I/usr/local/lib64/python3.9/site-packages/torch/include/THC -I/usr/include/python3.9 -c -c /root/extdir/gg/git/ontrack-issues/FBA/FBA-375-new-feat/xformer-rocm/xformers/csrc/attention/autograd/matmul.cpp -o /root/extdir/gg/git/ontrack-issues/FBA/FBA-375-new-feat/xformer-rocm/build/temp.linux-x86_64-3.9/xformers/csrc/attention/autograd/matmul.o -O3 -std=c++17 -fopenmp -DTORCH_API_INCLUDE_EXTENSION_H '-DPYBIND11_COMPILER_TYPE="_gcc"' '-DPYBIND11_STDLIB="_libstdcpp"' '-DPYBIND11_BUILD_ABI="_cxxabi1011"' -DTORCH_EXTENSION_NAME=_C -D_GLIBCXX_USE_CXX11_ABI=0
[15/15] c++ -MMD -MF /root/extdir/gg/git/ontrack-issues/FBA/FBA-375-new-feat/xformer-rocm/build/temp.linux-x86_64-3.9/xformers/csrc/swiglu/swiglu_packedw.o.d -Wno-unused-result -Wsign-compare -DDYNAMIC_ANNOTATIONS_ENABLED=1 -DNDEBUG -O2 -fexceptions -g -grecord-gcc-switches -pipe -Wall -Werror=format-security -Wp,-D_FORTIFY_SOURCE=2 -Wp,-D_GLIBCXX_ASSERTIONS -fstack-protector-strong -m64 -march=x86-64-v2 -mtune=generic -fasynchronous-unwind-tables -fstack-clash-protection -fcf-protection -D_GNU_SOURCE -fPIC -fwrapv -O2 -fexceptions -g -grecord-gcc-switches -pipe -Wall -Werror=format-security -Wp,-D_FORTIFY_SOURCE=2 -Wp,-D_GLIBCXX_ASSERTIONS -fstack-protector-strong -m64 -march=x86-64-v2 -mtune=generic -fasynchronous-unwind-tables -fstack-clash-protection -fcf-protection -D_GNU_SOURCE -fPIC -fwrapv -O2 -fexceptions -g -grecord-gcc-switches -pipe -Wall -Werror=format-security -Wp,-D_FORTIFY_SOURCE=2 -Wp,-D_GLIBCXX_ASSERTIONS -fstack-protector-strong -m64 -march=x86-64-v2 -mtune=generic -fasynchronous-unwind-tables -fstack-clash-protection -fcf-protection -D_GNU_SOURCE -fPIC -fwrapv -fPIC -I/root/extdir/gg/git/ontrack-issues/FBA/FBA-375-new-feat/xformer-rocm/xformers/csrc -I/usr/local/lib64/python3.9/site-packages/torch/include -I/usr/local/lib64/python3.9/site-packages/torch/include/torch/csrc/api/include -I/usr/local/lib64/python3.9/site-packages/torch/include/TH -I/usr/local/lib64/python3.9/site-packages/torch/include/THC -I/usr/include/python3.9 -c -c /root/extdir/gg/git/ontrack-issues/FBA/FBA-375-new-feat/xformer-rocm/xformers/csrc/swiglu/swiglu_packedw.cpp -o /root/extdir/gg/git/ontrack-issues/FBA/FBA-375-new-feat/xformer-rocm/build/temp.linux-x86_64-3.9/xformers/csrc/swiglu/swiglu_packedw.o -O3 -std=c++17 -fopenmp -DTORCH_API_INCLUDE_EXTENSION_H '-DPYBIND11_COMPILER_TYPE="_gcc"' '-DPYBIND11_STDLIB="_libstdcpp"' '-DPYBIND11_BUILD_ABI="_cxxabi1011"' -DTORCH_EXTENSION_NAME=_C -D_GLIBCXX_USE_CXX11_ABI=0
creating build/lib.linux-x86_64-3.9
creating build/lib.linux-x86_64-3.9/xformers
g++ -shared -Wl,-z,relro -Wl,--as-needed -Wl,-z,now -g -Wl,-z,relro -Wl,--as-needed -Wl,-z,now -g /root/extdir/gg/git/ontrack-issues/FBA/FBA-375-new-feat/xformer-rocm/build/temp.linux-x86_64-3.9/xformers/csrc/attention/attention.o /root/extdir/gg/git/ontrack-issues/FBA/FBA-375-new-feat/xformer-rocm/build/temp.linux-x86_64-3.9/xformers/csrc/attention/autograd/matmul.o /root/extdir/gg/git/ontrack-issues/FBA/FBA-375-new-feat/xformer-rocm/build/temp.linux-x86_64-3.9/xformers/csrc/attention/cpu/matmul.o /root/extdir/gg/git/ontrack-issues/FBA/FBA-375-new-feat/xformer-rocm/build/temp.linux-x86_64-3.9/xformers/csrc/attention/cpu/sddmm.o /root/extdir/gg/git/ontrack-issues/FBA/FBA-375-new-feat/xformer-rocm/build/temp.linux-x86_64-3.9/xformers/csrc/attention/cpu/sparse_softmax.o /root/extdir/gg/git/ontrack-issues/FBA/FBA-375-new-feat/xformer-rocm/build/temp.linux-x86_64-3.9/xformers/csrc/attention/cpu/spmm.o /root/extdir/gg/git/ontrack-issues/FBA/FBA-375-new-feat/xformer-rocm/build/temp.linux-x86_64-3.9/xformers/csrc/attention/matmul.o /root/extdir/gg/git/ontrack-issues/FBA/FBA-375-new-feat/xformer-rocm/build/temp.linux-x86_64-3.9/xformers/csrc/attention/sddmm.o /root/extdir/gg/git/ontrack-issues/FBA/FBA-375-new-feat/xformer-rocm/build/temp.linux-x86_64-3.9/xformers/csrc/attention/sparse_softmax.o /root/extdir/gg/git/ontrack-issues/FBA/FBA-375-new-feat/xformer-rocm/build/temp.linux-x86_64-3.9/xformers/csrc/attention/spmm.o /root/extdir/gg/git/ontrack-issues/FBA/FBA-375-new-feat/xformer-rocm/build/temp.linux-x86_64-3.9/xformers/csrc/sequence_parallel_fused/memset_32b.o /root/extdir/gg/git/ontrack-issues/FBA/FBA-375-new-feat/xformer-rocm/build/temp.linux-x86_64-3.9/xformers/csrc/sequence_parallel_fused/synchronization.o /root/extdir/gg/git/ontrack-issues/FBA/FBA-375-new-feat/xformer-rocm/build/temp.linux-x86_64-3.9/xformers/csrc/sparse24/sparse24.o /root/extdir/gg/git/ontrack-issues/FBA/FBA-375-new-feat/xformer-rocm/build/temp.linux-x86_64-3.9/xformers/csrc/swiglu/swiglu_op.o /root/extdir/gg/git/ontrack-issues/FBA/FBA-375-new-feat/xformer-rocm/build/temp.linux-x86_64-3.9/xformers/csrc/swiglu/swiglu_packedw.o -L/usr/local/lib64/python3.9/site-packages/torch/lib -L/usr/lib64 -lc10 -ltorch -ltorch_cpu -ltorch_python -o build/lib.linux-x86_64-3.9/xformers/_C.so
copying build/lib.linux-x86_64-3.9/xformers/cpp_lib.json -> xformers
copying build/lib.linux-x86_64-3.9/xformers/version.py -> xformers
copying build/lib.linux-x86_64-3.9/xformers/_C.so -> xformers
Creating /usr/local/lib64/python3.9/site-packages/xformers.egg-link (link to .)
Adding xformers 0.0.27 to easy-install.pth file

Installed /root/extdir/gg/git/ontrack-issues/FBA/FBA-375-new-feat/xformer-rocm
Processing dependencies for xformers==0.0.27
Searching for numpy==1.26.4
Best match: numpy 1.26.4
Adding numpy 1.26.4 to easy-install.pth file
Installing f2py script to /usr/local/bin

Using /usr/local/lib64/python3.9/site-packages
Searching for torch==2.3.0
Best match: torch 2.3.0
Adding torch 2.3.0 to easy-install.pth file
Installing convert-caffe2-to-onnx script to /usr/local/bin
Installing convert-onnx-to-caffe2 script to /usr/local/bin
Installing torchrun script to /usr/local/bin

Using /usr/local/lib64/python3.9/site-packages
Searching for nvidia-cuda-cupti-cu12==12.1.105
Best match: nvidia-cuda-cupti-cu12 12.1.105
Adding nvidia-cuda-cupti-cu12 12.1.105 to easy-install.pth file

Using /usr/local/lib/python3.9/site-packages
Searching for nvidia-nvtx-cu12==12.1.105
Best match: nvidia-nvtx-cu12 12.1.105
Adding nvidia-nvtx-cu12 12.1.105 to easy-install.pth file

Using /usr/local/lib/python3.9/site-packages
Searching for networkx==3.2.1
Best match: networkx 3.2.1
Adding networkx 3.2.1 to easy-install.pth file

Using /usr/local/lib/python3.9/site-packages
Searching for nvidia-nccl-cu12==2.20.5
Best match: nvidia-nccl-cu12 2.20.5
Adding nvidia-nccl-cu12 2.20.5 to easy-install.pth file

Using /usr/local/lib/python3.9/site-packages
Searching for nvidia-cusparse-cu12==12.1.0.106
Best match: nvidia-cusparse-cu12 12.1.0.106
Adding nvidia-cusparse-cu12 12.1.0.106 to easy-install.pth file

Using /usr/local/lib/python3.9/site-packages
Searching for nvidia-cusolver-cu12==11.4.5.107
Best match: nvidia-cusolver-cu12 11.4.5.107
Adding nvidia-cusolver-cu12 11.4.5.107 to easy-install.pth file

Using /usr/local/lib/python3.9/site-packages
Searching for sympy==1.12
Best match: sympy 1.12
Adding sympy 1.12 to easy-install.pth file
Installing isympy script to /usr/local/bin

Using /usr/local/lib/python3.9/site-packages
Searching for filelock==3.13.1
Best match: filelock 3.13.1
Adding filelock 3.13.1 to easy-install.pth file

Using /usr/local/lib/python3.9/site-packages
Searching for nvidia-cublas-cu12==12.1.3.1
Best match: nvidia-cublas-cu12 12.1.3.1
Adding nvidia-cublas-cu12 12.1.3.1 to easy-install.pth file

Using /usr/local/lib/python3.9/site-packages
Searching for nvidia-curand-cu12==10.3.2.106
Best match: nvidia-curand-cu12 10.3.2.106
Adding nvidia-curand-cu12 10.3.2.106 to easy-install.pth file

Using /usr/local/lib/python3.9/site-packages
Searching for nvidia-cudnn-cu12==8.9.2.26
Best match: nvidia-cudnn-cu12 8.9.2.26
Adding nvidia-cudnn-cu12 8.9.2.26 to easy-install.pth file

Using /usr/local/lib/python3.9/site-packages
Searching for fsspec==2024.2.0
Best match: fsspec 2024.2.0
Adding fsspec 2024.2.0 to easy-install.pth file

Using /usr/local/lib/python3.9/site-packages
Searching for nvidia-cuda-nvrtc-cu12==12.1.105
Best match: nvidia-cuda-nvrtc-cu12 12.1.105
Adding nvidia-cuda-nvrtc-cu12 12.1.105 to easy-install.pth file

Using /usr/local/lib/python3.9/site-packages
Searching for triton==2.3.0
Best match: triton 2.3.0
Adding triton 2.3.0 to easy-install.pth file

Using /usr/local/lib64/python3.9/site-packages
Searching for typing-extensions==4.8.0
Best match: typing-extensions 4.8.0
Adding typing-extensions 4.8.0 to easy-install.pth file

Using /usr/local/lib/python3.9/site-packages
Searching for Jinja2==3.1.3
Best match: Jinja2 3.1.3
Adding Jinja2 3.1.3 to easy-install.pth file

Using /usr/local/lib/python3.9/site-packages
Searching for nvidia-cuda-runtime-cu12==12.1.105
Best match: nvidia-cuda-runtime-cu12 12.1.105
Adding nvidia-cuda-runtime-cu12 12.1.105 to easy-install.pth file

Using /usr/local/lib/python3.9/site-packages
Searching for nvidia-cufft-cu12==11.0.2.54
Best match: nvidia-cufft-cu12 11.0.2.54
Adding nvidia-cufft-cu12 11.0.2.54 to easy-install.pth file

Using /usr/local/lib/python3.9/site-packages
Searching for nvidia-nvjitlink-cu12==12.5.40
Best match: nvidia-nvjitlink-cu12 12.5.40
Adding nvidia-nvjitlink-cu12 12.5.40 to easy-install.pth file

Using /usr/local/lib/python3.9/site-packages
Searching for mpmath==1.2.1
Best match: mpmath 1.2.1
Adding mpmath 1.2.1 to easy-install.pth file

Using /usr/local/lib/python3.9/site-packages
Searching for MarkupSafe==2.1.5
Best match: MarkupSafe 2.1.5
Adding MarkupSafe 2.1.5 to easy-install.pth file

Using /usr/local/lib64/python3.9/site-packages
Finished processing dependencies for xformers==0.0.27
