
=================================================================
==3146==ERROR: LeakSanitizer: detected memory leaks

Direct leak of 2592 byte(s) in 36 object(s) allocated from:
    #0 0x38f837  (/root/extdir/gg/git/fba/FBA/FBA-336/samples/gpu/a.out+0x38f837)
    #1 0x7f4fdfc7e266  (/opt/rocm-6.0.0/lib/llvm/bin/../../../lib/libhsa-runtime64.so.1+0x5d266) (BuildId: 699ebccecba8b3f67fe3abff4586189b3a258b4f)

Direct leak of 160 byte(s) in 4 object(s) allocated from:
    #0 0x38faef  (/root/extdir/gg/git/fba/FBA/FBA-336/samples/gpu/a.out+0x38faef)
    #1 0x7f4fe070fa0b  (/opt/rocm-6.0.0/lib/llvm/bin/../../../lib/libamd_comgr.so.2+0x834a0b) (BuildId: 67d158c1c8008c619a6456af84e4bb278a0f284e)

Direct leak of 80 byte(s) in 2 object(s) allocated from:
    #0 0x38faef  (/root/extdir/gg/git/fba/FBA/FBA-336/samples/gpu/a.out+0x38faef)
    #1 0x7f4fe070e16d  (/opt/rocm-6.0.0/lib/llvm/bin/../../../lib/libamd_comgr.so.2+0x83316d) (BuildId: 67d158c1c8008c619a6456af84e4bb278a0f284e)

Direct leak of 72 byte(s) in 1 object(s) allocated from:
    #0 0x38f837  (/root/extdir/gg/git/fba/FBA/FBA-336/samples/gpu/a.out+0x38f837)
    #1 0x7f4fdfc687b2  (/opt/rocm-6.0.0/lib/llvm/bin/../../../lib/libhsa-runtime64.so.1+0x477b2) (BuildId: 699ebccecba8b3f67fe3abff4586189b3a258b4f)
    #2 0x7f4fdfc5b1fa  (/opt/rocm-6.0.0/lib/llvm/bin/../../../lib/libhsa-runtime64.so.1+0x3a1fa) (BuildId: 699ebccecba8b3f67fe3abff4586189b3a258b4f)
    #3 0x7f4fdfc5b84f  (/opt/rocm-6.0.0/lib/llvm/bin/../../../lib/libhsa-runtime64.so.1+0x3a84f) (BuildId: 699ebccecba8b3f67fe3abff4586189b3a258b4f)
    #4 0x7f4fdfc7396e  (/opt/rocm-6.0.0/lib/llvm/bin/../../../lib/libhsa-runtime64.so.1+0x5296e) (BuildId: 699ebccecba8b3f67fe3abff4586189b3a258b4f)
    #5 0x7f4fe960e07d  (/opt/rocm-6.0.0/lib/llvm/bin/../../../lib/libamdhip64.so.6+0x33007d) (BuildId: b8b83a568b304d9076d657b47312f65836523eea)

Direct leak of 72 byte(s) in 1 object(s) allocated from:
    #0 0x38f837  (/root/extdir/gg/git/fba/FBA/FBA-336/samples/gpu/a.out+0x38f837)
    #1 0x7f4fdfc687b2  (/opt/rocm-6.0.0/lib/llvm/bin/../../../lib/libhsa-runtime64.so.1+0x477b2) (BuildId: 699ebccecba8b3f67fe3abff4586189b3a258b4f)
    #2 0x7f4fdfc5b1fa  (/opt/rocm-6.0.0/lib/llvm/bin/../../../lib/libhsa-runtime64.so.1+0x3a1fa) (BuildId: 699ebccecba8b3f67fe3abff4586189b3a258b4f)
    #3 0x7f4fdfc7396e  (/opt/rocm-6.0.0/lib/llvm/bin/../../../lib/libhsa-runtime64.so.1+0x5296e) (BuildId: 699ebccecba8b3f67fe3abff4586189b3a258b4f)
    #4 0x7f4fe960e07d  (/opt/rocm-6.0.0/lib/llvm/bin/../../../lib/libamdhip64.so.6+0x33007d) (BuildId: b8b83a568b304d9076d657b47312f65836523eea)

Direct leak of 56 byte(s) in 1 object(s) allocated from:
    #0 0x38f837  (/root/extdir/gg/git/fba/FBA/FBA-336/samples/gpu/a.out+0x38f837)
    #1 0x7f4fdfc7e052  (/opt/rocm-6.0.0/lib/llvm/bin/../../../lib/libhsa-runtime64.so.1+0x5d052) (BuildId: 699ebccecba8b3f67fe3abff4586189b3a258b4f)
    #2 0x60400001a3cf  (<unknown module>)

Direct leak of 56 byte(s) in 1 object(s) allocated from:
    #0 0x38f837  (/root/extdir/gg/git/fba/FBA/FBA-336/samples/gpu/a.out+0x38f837)
    #1 0x7f4fdfc7e052  (/opt/rocm-6.0.0/lib/llvm/bin/../../../lib/libhsa-runtime64.so.1+0x5d052) (BuildId: 699ebccecba8b3f67fe3abff4586189b3a258b4f)
    #2 0x60400001a38f  (<unknown module>)

Direct leak of 56 byte(s) in 1 object(s) allocated from:
    #0 0x38f837  (/root/extdir/gg/git/fba/FBA/FBA-336/samples/gpu/a.out+0x38f837)
    #1 0x7f4fdfc7e052  (/opt/rocm-6.0.0/lib/llvm/bin/../../../lib/libhsa-runtime64.so.1+0x5d052) (BuildId: 699ebccecba8b3f67fe3abff4586189b3a258b4f)
    #2 0x60400001a34f  (<unknown module>)

Direct leak of 56 byte(s) in 1 object(s) allocated from:
    #0 0x38f837  (/root/extdir/gg/git/fba/FBA/FBA-336/samples/gpu/a.out+0x38f837)
    #1 0x7f4fdfc7e052  (/opt/rocm-6.0.0/lib/llvm/bin/../../../lib/libhsa-runtime64.so.1+0x5d052) (BuildId: 699ebccecba8b3f67fe3abff4586189b3a258b4f)
    #2 0x60400001a40f  (<unknown module>)

Indirect leak of 3520 byte(s) in 44 object(s) allocated from:
    #0 0x38f837  (/root/extdir/gg/git/fba/FBA/FBA-336/samples/gpu/a.out+0x38f837)
    #1 0x7f4fe5c1b1cc  (/opt/rocm-6.0.0/lib/llvm/bin/../../../lib/libamd_comgr.so.2+0x5d401cc) (BuildId: 67d158c1c8008c619a6456af84e4bb278a0f284e)

Indirect leak of 1680 byte(s) in 35 object(s) allocated from:
    #0 0x347da7  (/root/extdir/gg/git/fba/FBA/FBA-336/samples/gpu/a.out+0x347da7)
    #1 0x7f4fdfd0d6b5  (/opt/rocm-6.0.0/lib/llvm/bin/../../../lib/libhsa-runtime64.so.1+0xec6b5) (BuildId: 699ebccecba8b3f67fe3abff4586189b3a258b4f)

Indirect leak of 688 byte(s) in 2 object(s) allocated from:
    #0 0x38faef  (/root/extdir/gg/git/fba/FBA/FBA-336/samples/gpu/a.out+0x38faef)
    #1 0x7f4fe070e1a5  (/opt/rocm-6.0.0/lib/llvm/bin/../../../lib/libamd_comgr.so.2+0x8331a5) (BuildId: 67d158c1c8008c619a6456af84e4bb278a0f284e)

Indirect leak of 512 byte(s) in 2 object(s) allocated from:
    #0 0x38f837  (/root/extdir/gg/git/fba/FBA/FBA-336/samples/gpu/a.out+0x38f837)
    #1 0x7f4fe0730805  (/opt/rocm-6.0.0/lib/llvm/bin/../../../lib/libamd_comgr.so.2+0x855805) (BuildId: 67d158c1c8008c619a6456af84e4bb278a0f284e)

Indirect leak of 158 byte(s) in 22 object(s) allocated from:
    #0 0x38f997  (/root/extdir/gg/git/fba/FBA/FBA-336/samples/gpu/a.out+0x38f997)
    #1 0x7f4fe073094c  (/opt/rocm-6.0.0/lib/llvm/bin/../../../lib/libamd_comgr.so.2+0x85594c) (BuildId: 67d158c1c8008c619a6456af84e4bb278a0f284e)

Indirect leak of 96 byte(s) in 2 object(s) allocated from:
    #0 0x38f837  (/root/extdir/gg/git/fba/FBA/FBA-336/samples/gpu/a.out+0x38f837)
    #1 0x7f4fe07264ef  (/opt/rocm-6.0.0/lib/llvm/bin/../../../lib/libamd_comgr.so.2+0x84b4ef) (BuildId: 67d158c1c8008c619a6456af84e4bb278a0f284e)

Indirect leak of 96 byte(s) in 2 object(s) allocated from:
    #0 0x38f837  (/root/extdir/gg/git/fba/FBA/FBA-336/samples/gpu/a.out+0x38f837)
    #1 0x7f4fe5c19c7c  (/opt/rocm-6.0.0/lib/llvm/bin/../../../lib/libamd_comgr.so.2+0x5d3ec7c) (BuildId: 67d158c1c8008c619a6456af84e4bb278a0f284e)

Indirect leak of 60 byte(s) in 24 object(s) allocated from:
    #0 0x38f997  (/root/extdir/gg/git/fba/FBA/FBA-336/samples/gpu/a.out+0x38f997)
    #1 0x7f4fe073094c  (/opt/rocm-6.0.0/lib/llvm/bin/../../../lib/libamd_comgr.so.2+0x85594c) (BuildId: 67d158c1c8008c619a6456af84e4bb278a0f284e)
    #2 0x7fff4064a55f  ([stack]+0x1e55f)

Indirect leak of 48 byte(s) in 2 object(s) allocated from:
    #0 0x38f837  (/root/extdir/gg/git/fba/FBA/FBA-336/samples/gpu/a.out+0x38f837)
    #1 0x7f4fe070e3c9  (/opt/rocm-6.0.0/lib/llvm/bin/../../../lib/libamd_comgr.so.2+0x8333c9) (BuildId: 67d158c1c8008c619a6456af84e4bb278a0f284e)

Indirect leak of 32 byte(s) in 2 object(s) allocated from:
    #0 0x38f837  (/root/extdir/gg/git/fba/FBA/FBA-336/samples/gpu/a.out+0x38f837)
    #1 0x7f4fe0730645  (/opt/rocm-6.0.0/lib/llvm/bin/../../../lib/libamd_comgr.so.2+0x855645) (BuildId: 67d158c1c8008c619a6456af84e4bb278a0f284e)

SUMMARY: AddressSanitizer: 10090 byte(s) leaked in 185 allocation(s).
